2025-05-17 18:03:38,251	INFO	Processing file: 2407C03421011_03.clean.clean.fa
2025-05-17 18:03:38,251	INFO	Forward Primer: TAAACTTCTGGATGTCCAAAAAATCA
2025-05-17 18:03:38,251	INFO	Reverse Primer: TTTCAACAAATCATAAAGATATTGG
2025-05-17 18:03:38,251	INFO	Loaded 26 plate indices and 96 well indices
2025-05-17 18:03:38,255	ERROR	Error occurred during processing: [Errno 2] No such file or directory: '2407C03421011_03.clean.clean.fa'
2025-05-17 18:03:47,633	INFO	Processing file: test.fa
2025-05-17 18:03:47,633	INFO	Forward Primer: TAAACTTCTGGATGTCCAAAAAATCA
2025-05-17 18:03:47,633	INFO	Reverse Primer: TTTCAACAAATCATAAAGATATTGG
2025-05-17 18:03:47,633	INFO	Loaded 26 plate indices and 96 well indices
2025-05-17 18:03:52,248	INFO	Sequence demultiplexing completed, processed 0 sequences
2025-05-17 18:11:52,141	INFO	Processing file: test.fa
2025-05-17 18:11:52,142	INFO	Forward Primer: TAAACTTCTGGATGTCCAAAAAATCA
2025-05-17 18:11:52,142	INFO	Reverse Primer: TTTCAACAAATCATAAAGATATTGG
2025-05-17 18:11:52,142	INFO	Loaded 26 plate indices and 96 well indices
2025-05-17 18:11:57,476	INFO	Sequence demultiplexing completed, processed 0 sequences
2025-05-17 18:19:38,745	INFO	Processing file: test.fa
2025-05-17 18:19:38,746	INFO	Forward Primer: TAAACTTCTGGATGTCCAAAAAATCA
2025-05-17 18:19:38,746	INFO	Reverse Primer: TTTCAACAAATCATAAAGATATTGG
2025-05-17 18:19:38,746	INFO	Loaded 26 plate indices and 96 well indices
2025-05-17 18:19:42,634	ERROR	Error occurred during processing: local variable 'plate_id' referenced before assignment
2025-05-17 18:25:21,744	INFO	Processing file: test.fa
2025-05-17 18:25:21,744	INFO	Forward Primer: TAAACTTCTGGATGTCCAAAAAATCA
2025-05-17 18:25:21,744	INFO	Reverse Primer: TTTCAACAAATCATAAAGATATTGG
2025-05-17 18:25:21,744	INFO	Loaded 26 plate indices and 96 well indices
2025-05-17 18:26:19,472	INFO	Sequence demultiplexing completed, processed 135 sequences
2025-05-17 18:26:19,472	INFO	ID P25: 14 sequences
2025-05-17 18:26:19,472	INFO	ID P10: 12 sequences
2025-05-17 18:26:19,472	INFO	ID P23: 17 sequences
2025-05-17 18:26:19,472	INFO	ID P3: 4 sequences
2025-05-17 18:26:19,472	INFO	ID P14: 2 sequences
2025-05-17 18:26:19,472	INFO	ID P18: 8 sequences
2025-05-17 18:26:19,472	INFO	ID P21: 15 sequences
2025-05-17 18:26:19,472	INFO	ID P22: 6 sequences
2025-05-17 18:26:19,473	INFO	ID P16: 8 sequences
2025-05-17 18:26:19,473	INFO	ID P15: 13 sequences
2025-05-17 18:26:19,473	INFO	ID P6: 3 sequences
2025-05-17 18:26:19,473	INFO	ID P19: 10 sequences
2025-05-17 18:26:19,473	INFO	ID P2: 3 sequences
2025-05-17 18:26:19,473	INFO	ID P4: 4 sequences
2025-05-17 18:26:19,473	INFO	ID P12: 6 sequences
2025-05-17 18:26:19,473	INFO	ID P17: 3 sequences
2025-05-17 18:26:19,473	INFO	ID P26: 1 sequences
2025-05-17 18:26:19,473	INFO	ID P5: 4 sequences
2025-05-17 18:26:19,473	INFO	ID P8: 2 sequences
